<?xml version="1.0" encoding="UTF-8"?>
<!-- Generated by org.testng.reporters.JUnitReportReporter -->
<testsuite hostname="MacBook-Pro-de-Andres.local" failures="0" tests="1" name="cs.Lab3.TestTranslator" time="1.625" errors="0" timestamp="2021-09-16T23:32:53 PET" skipped="0">
  <testcase classname="cs.Lab3.TestTranslator" name="testTranslate" time="1.625"/>
  <system-out/>
</testsuite> <!-- cs.Lab3.TestTranslator -->
